<?xml version="1.0" encoding="UTF-8"?>
<!-- Generated by org.testng.reporters.JUnitXMLReporter -->
<testsuite ignored="0" hostname="S081" failures="1" tests="4" name="Test" time="49.859" errors="0" timestamp="2022-04-05T12:24:28 IST">
  <testcase classname="E2EProjectOne.ValidateNavigationBar" name="ValidateNavigation" time="0.044"/>
  <testcase classname="E2EProjectOne.ValidateTitle" name="homePageNavigation" time="0.039">
    <failure type="java.lang.AssertionError" message="expected [FEATURED COURSES123] but found [FEATURED COURSES]">
      <![CDATA[java.lang.AssertionError: expected [FEATURED COURSES123] but found [FEATURED COURSES]
at E2EProjectOne.ValidateTitle.homePageNavigation(ValidateTitle.java:32)
at java.base/java.util.ArrayList.forEach(ArrayList.java:1507)
... Removed 37 stack frames]]>
    </failure>
  </testcase> <!-- homePageNavigation -->
  <testcase classname="E2EProjectOne.Homepage" name="homePageNavigation" time="18.04"/>
  <testcase classname="E2EProjectOne.Homepage" name="homePageNavigation" time="0.789"/>
</testsuite> <!-- Test -->
