<?xml version="1.0" encoding="UTF-8"?>
<!-- Generated by org.testng.reporters.JUnitXMLReporter -->
<testsuite hostname="S081" ignored="0" name="ValidateTitle" tests="1" failures="1" timestamp="2022-04-06T13:32:51 IST" time="20.51" errors="0">
  <testcase name="validateTitleMethod" time="0.061" classname="E2EProjectOne.ValidateTitle">
    <failure type="java.lang.AssertionError" message="expected [FEATURED COURSES1] but found [FEATURED COURSES]">
      <![CDATA[java.lang.AssertionError: expected [FEATURED COURSES1] but found [FEATURED COURSES]
at E2EProjectOne.ValidateTitle.validateTitleMethod(ValidateTitle.java:32)
at java.util.ArrayList.forEach(ArrayList.java:1257)
at java.util.concurrent.FutureTask.run(FutureTask.java:266)
at java.util.concurrent.ThreadPoolExecutor.runWorker(ThreadPoolExecutor.java:1149)
at java.util.concurrent.ThreadPoolExecutor$Worker.run(ThreadPoolExecutor.java:624)
at java.lang.Thread.run(Thread.java:748)
... Removed 24 stack frames]]>
    </failure>
  </testcase> <!-- validateTitleMethod -->
</testsuite> <!-- ValidateTitle -->
