-------------------------------------------------------------------------------
Test set: TestSuite
-------------------------------------------------------------------------------
Tests run: 4, Failures: 1, Errors: 0, Skipped: 0, Time elapsed: 38.292 s <<< FAILURE! - in TestSuite
validateTitleMethod(E2EProjectOne.ValidateTitle)  Time elapsed: 0.417 s  <<< FAILURE!
java.lang.AssertionError: expected [FEATURED COURSES1] but found [FEATURED COURSES]
	at E2EProjectOne.ValidateTitle.validateTitleMethod(ValidateTitle.java:32)

