<?xml version="1.0" encoding="UTF-8"?>
<testsuite xmlns:xsi="http://www.w3.org/2001/XMLSchema-instance" xsi:noNamespaceSchemaLocation="https://maven.apache.org/surefire/maven-surefire-plugin/xsd/surefire-test-report.xsd" name="TestSuite" time="38.292" tests="4" errors="0" skipped="0" failures="1">
  <properties>
[...]
</properties>
  <testcase name="ValidateNavigation" classname="E2EProjectOne.ValidateNavigationBar" time="0.046"/>
  <testcase name="validateTitleMethod" classname="E2EProjectOne.ValidateTitle" time="0.417">
    <failure message="expected [FEATURED COURSES1] but found [FEATURED COURSES]" type="java.lang.AssertionError">java.lang.AssertionError: expected [FEATURED COURSES1] but found [FEATURED COURSES]
	at E2EProjectOne.ValidateTitle.validateTitleMethod(ValidateTitle.java:32)
</failure>
    <system-out><![CDATA[FEATURED COURSES
]]></system-out>
  </testcase>
  <testcase name="homePageNavigation" classname="E2EProjectOne.Homepage" time="0.806"/>
  <testcase name="homePageNavigation" classname="E2EProjectOne.Homepage" time="16.613"/>
</testsuite>