<?xml version="1.0" encoding="UTF-8"?>
<testng-results skipped="0" failed="0" ignored="0" total="0" passed="0">
  <reporter-output>
  </reporter-output>
  <suite name="E2EProjectOne.AppTest" duration-ms="7" started-at="2022-04-06T13:33:41 IST" finished-at="2022-04-06T13:33:41 IST">
    <groups>
    </groups>
    <test name="Command line test" duration-ms="7" started-at="2022-04-06T13:33:41 IST" finished-at="2022-04-06T13:33:41 IST">
    </test> <!-- Command line test -->
  </suite> <!-- E2EProjectOne.AppTest -->
</testng-results>
