<?xml version="1.0" encoding="UTF-8"?>
<testng-results ignored="0" total="2" passed="2" failed="0" skipped="0">
  <reporter-output>
  </reporter-output>
  <suite started-at="2022-04-06T14:08:06 IST" name="Suite" finished-at="2022-04-06T14:08:14 IST" duration-ms="8534">
    <groups>
    </groups>
    <test started-at="2022-04-06T14:08:06 IST" name="Atlas Login" finished-at="2022-04-06T14:08:14 IST" duration-ms="8534">
      <class name="E2EProjectOne.atlasLoginFunction">
        <test-method is-config="true" signature="driverInitialize()[pri:0, instance:E2EProjectOne.atlasLoginFunction@29a60c27]" started-at="2022-04-06T14:08:06 IST" name="driverInitialize" finished-at="2022-04-06T14:08:08 IST" duration-ms="1811" status="PASS">
          <reporter-output>
          </reporter-output>
        </test-method> <!-- driverInitialize -->
        <test-method signature="atlasUserLogin(java.lang.String, java.lang.String)[pri:0, instance:E2EProjectOne.atlasLoginFunction@29a60c27]" started-at="2022-04-06T14:08:08 IST" name="atlasUserLogin" data-provider="getDataProvider" finished-at="2022-04-06T14:08:12 IST" duration-ms="3930" status="PASS">
          <params>
            <param index="0">
              <value>
                <![CDATA[shibin1]]>
              </value>
            </param>
            <param index="1">
              <value>
                <![CDATA[Test@123]]>
              </value>
            </param>
          </params>
          <reporter-output>
          </reporter-output>
        </test-method> <!-- atlasUserLogin -->
        <test-method signature="atlasUserLogin(java.lang.String, java.lang.String)[pri:0, instance:E2EProjectOne.atlasLoginFunction@29a60c27]" started-at="2022-04-06T14:08:12 IST" name="atlasUserLogin" data-provider="getDataProvider" finished-at="2022-04-06T14:08:14 IST" duration-ms="2719" status="PASS">
          <params>
            <param index="0">
              <value>
                <![CDATA[toji1]]>
              </value>
            </param>
            <param index="1">
              <value>
                <![CDATA[Test@123]]>
              </value>
            </param>
          </params>
          <reporter-output>
          </reporter-output>
        </test-method> <!-- atlasUserLogin -->
        <test-method is-config="true" signature="closeBrowser()[pri:0, instance:E2EProjectOne.atlasLoginFunction@29a60c27]" started-at="2022-04-06T14:08:14 IST" name="closeBrowser" finished-at="2022-04-06T14:08:14 IST" duration-ms="50" status="PASS">
          <reporter-output>
          </reporter-output>
        </test-method> <!-- closeBrowser -->
      </class> <!-- E2EProjectOne.atlasLoginFunction -->
    </test> <!-- Atlas Login -->
  </suite> <!-- Suite -->
</testng-results>
